[ 2024-12-17 17:51:06,440 ] 1025 httpx - INFO - HTTP Request: GET https://dagshub.com/api/v1/user "HTTP/1.1 200 OK"
[ 2024-12-17 17:51:06,454 ] 107 dagshub - INFO - Accessing as sochetan30
[ 2024-12-17 17:51:06,874 ] 1025 httpx - INFO - HTTP Request: GET https://dagshub.com/api/v1/repos/sochetan30/MLNetSecurity "HTTP/1.1 200 OK"
[ 2024-12-17 17:51:07,325 ] 1025 httpx - INFO - HTTP Request: GET https://dagshub.com/api/v1/user "HTTP/1.1 200 OK"
[ 2024-12-17 17:51:07,329 ] 107 dagshub - INFO - Initialized MLflow to track repo "sochetan30/MLNetSecurity"
[ 2024-12-17 17:51:07,330 ] 107 dagshub - INFO - Repository sochetan30/MLNetSecurity initialized!
[ 2024-12-17 17:52:23,866 ] 23 root - INFO - Start Data Ingestion
[ 2024-12-17 17:52:31,206 ] 64 root - INFO - Performed train test plit on the dataframe!
[ 2024-12-17 17:52:31,207 ] 65 root - INFO - Exited split_data_as_train_test method of Data Ingestion class
[ 2024-12-17 17:52:31,208 ] 70 root - INFO - Exportin train and test file path
[ 2024-12-17 17:52:31,295 ] 77 root - INFO - Exportin train and test file path
[ 2024-12-17 17:52:31,296 ] 26 root - INFO - Data Ingestion Completed and Artifacts : DataIngestionArtifact(trained_file_path='Artifacts/12_17_2024_17_51_00/data_ingestion/ingested/train.csv', test_file_path='Artifacts/12_17_2024_17_51_00/data_ingestion/ingested/test.csv')
[ 2024-12-17 17:52:31,306 ] 36 root - INFO - Initiate the Data Validation
[ 2024-12-17 17:52:31,359 ] 35 root - INFO - Required number of columns: {number_of_columns}
[ 2024-12-17 17:52:31,359 ] 36 root - INFO - DAtaframe has columns: 31
[ 2024-12-17 17:52:31,360 ] 35 root - INFO - Required number of columns: {number_of_columns}
[ 2024-12-17 17:52:31,360 ] 36 root - INFO - DAtaframe has columns: 31
[ 2024-12-17 17:52:32,146 ] 62 root - INFO - Entered intiate_data_transformation method in Data Transformation calss 
[ 2024-12-17 17:52:32,218 ] 77 root - INFO - Starting Data transformation
[ 2024-12-17 17:52:32,221 ] 45 root - INFO - Entered get_data_transformer_object: method of transformationc class
[ 2024-12-17 17:52:32,221 ] 50 root - INFO - KNN imputer with {'missing_values': nan, 'n_neighbors': 3, 'weights': 'uniform'}
[ 2024-12-17 17:52:32,387 ] 53 root - INFO - Entered the save object method of mainutils path
[ 2024-12-17 17:52:32,394 ] 58 root - INFO - Exited the save object method of Mainutils
[ 2024-12-17 17:52:32,395 ] 53 root - INFO - Entered the save object method of mainutils path
[ 2024-12-17 17:52:32,404 ] 58 root - INFO - Exited the save object method of Mainutils
[ 2024-12-17 17:58:21,384 ] 53 root - INFO - Entered the save object method of mainutils path
[ 2024-12-17 17:58:21,446 ] 58 root - INFO - Exited the save object method of Mainutils
[ 2024-12-17 17:58:21,446 ] 53 root - INFO - Entered the save object method of mainutils path
[ 2024-12-17 17:58:21,503 ] 58 root - INFO - Exited the save object method of Mainutils
[ 2024-12-17 17:58:21,504 ] 125 root - INFO - MOdel trainer Artifacts : ModelTrainerArtifact(trained_model_file_path='Artifacts/12_17_2024_17_51_00/model_trainer/model.pkl', train_metric_artifact=ClassficationMetricArtifact(f1_score=0.9914529914529915, precision_score=0.9900426742532006, recall_score=0.992867332382311), test_metric_artifact=ClassficationMetricArtifact(f1_score=0.9914529914529915, precision_score=0.9900426742532006, recall_score=0.992867332382311))
